C:\USERS\ADMINISTRATOR\DOCUMENTS\VISUAL STUDIO 2012\PROJECTS\TETRIS\TETRIS\DEBUG\FUNCTION.OBJ
C:\USERS\ADMINISTRATOR\DOCUMENTS\VISUAL STUDIO 2012\PROJECTS\TETRIS\TETRIS\DEBUG\MAIN.OBJ
C:\USERS\ADMINISTRATOR\DOCUMENTS\VISUAL STUDIO 2012\PROJECTS\TETRIS\TETRIS\DEBUG\VC110.PDB
C:\USERS\ADMINISTRATOR\DOCUMENTS\VISUAL STUDIO 2012\PROJECTS\TETRIS\DEBUG\TETRIS.ILK
C:\USERS\ADMINISTRATOR\DOCUMENTS\VISUAL STUDIO 2012\PROJECTS\TETRIS\DEBUG\TETRIS.EXE
C:\USERS\ADMINISTRATOR\DOCUMENTS\VISUAL STUDIO 2012\PROJECTS\TETRIS\DEBUG\TETRIS.PDB
C:\USERS\ADMINISTRATOR\DOCUMENTS\VISUAL STUDIO 2012\PROJECTS\TETRIS\TETRIS\DEBUG\TETRIS.RES
C:\Users\Administrator\Documents\Visual Studio 2012\Projects\Tetris\Tetris\Debug\function.obj
C:\Users\Administrator\Documents\Visual Studio 2012\Projects\Tetris\Tetris\Debug\main.obj
C:\Users\Administrator\Documents\Visual Studio 2012\Projects\Tetris\Tetris\Debug\cl.command.1.tlog
C:\Users\Administrator\Documents\Visual Studio 2012\Projects\Tetris\Tetris\Debug\CL.read.1.tlog
C:\Users\Administrator\Documents\Visual Studio 2012\Projects\Tetris\Tetris\Debug\CL.write.1.tlog
C:\Users\Administrator\Documents\Visual Studio 2012\Projects\Tetris\Tetris\Debug\link-cvtres.read.1.tlog
C:\Users\Administrator\Documents\Visual Studio 2012\Projects\Tetris\Tetris\Debug\link-cvtres.write.1.tlog
C:\Users\Administrator\Documents\Visual Studio 2012\Projects\Tetris\Tetris\Debug\link-rc.read.1.tlog
C:\Users\Administrator\Documents\Visual Studio 2012\Projects\Tetris\Tetris\Debug\link-rc.write.1.tlog
C:\Users\Administrator\Documents\Visual Studio 2012\Projects\Tetris\Tetris\Debug\link.command.1.tlog
C:\Users\Administrator\Documents\Visual Studio 2012\Projects\Tetris\Tetris\Debug\link.read.1.tlog
C:\Users\Administrator\Documents\Visual Studio 2012\Projects\Tetris\Tetris\Debug\link.write.1.tlog
C:\Users\Administrator\Documents\Visual Studio 2012\Projects\Tetris\Tetris\Debug\rc.command.1.tlog
C:\Users\Administrator\Documents\Visual Studio 2012\Projects\Tetris\Tetris\Debug\rc.read.1.tlog
C:\Users\Administrator\Documents\Visual Studio 2012\Projects\Tetris\Tetris\Debug\rc.write.1.tlog
C:\Users\Administrator\Documents\Visual Studio 2012\Projects\Tetris\Tetris\Debug\Tetris.res
C:\Users\Administrator\Documents\Visual Studio 2012\Projects\Tetris\Tetris\Debug\vc110.idb
C:\Users\Administrator\Documents\Visual Studio 2012\Projects\Tetris\Tetris\Debug\vc110.pdb
C:\Users\Administrator\Documents\Visual Studio 2012\Projects\Tetris\Debug\Tetris.pdb
C:\Users\Administrator\Documents\Visual Studio 2012\Projects\Tetris\Debug\Tetris.exe
C:\Users\Administrator\Documents\Visual Studio 2012\Projects\Tetris\Debug\Tetris.ilk
