C:\USERS\ADMINISTRATOR\DOCUMENTS\VISUAL STUDIO 2012\PROJECTS\TETRIS\TETRIS\RELEASE\MAIN.OBJ
C:\USERS\ADMINISTRATOR\DOCUMENTS\VISUAL STUDIO 2012\PROJECTS\TETRIS\TETRIS\RELEASE\FUNCTION.OBJ
C:\USERS\ADMINISTRATOR\DOCUMENTS\VISUAL STUDIO 2012\PROJECTS\TETRIS\TETRIS\RELEASE\VC110.PDB
C:\USERS\ADMINISTRATOR\DOCUMENTS\VISUAL STUDIO 2012\PROJECTS\TETRIS\RELEASE\TETRIS.EXE
C:\USERS\ADMINISTRATOR\DOCUMENTS\VISUAL STUDIO 2012\PROJECTS\TETRIS\RELEASE\TETRIS.PDB
C:\USERS\ADMINISTRATOR\DOCUMENTS\VISUAL STUDIO 2012\PROJECTS\TETRIS\TETRIS\RELEASE\TETRIS1.RES
C:\Users\Administrator\Documents\Visual Studio 2012\Projects\Tetris\Tetris\Release\function.obj
C:\Users\Administrator\Documents\Visual Studio 2012\Projects\Tetris\Tetris\Release\main.obj
C:\Users\Administrator\Documents\Visual Studio 2012\Projects\Tetris\Tetris\Release\cl.command.1.tlog
C:\Users\Administrator\Documents\Visual Studio 2012\Projects\Tetris\Tetris\Release\CL.read.1.tlog
C:\Users\Administrator\Documents\Visual Studio 2012\Projects\Tetris\Tetris\Release\CL.write.1.tlog
C:\Users\Administrator\Documents\Visual Studio 2012\Projects\Tetris\Tetris\Release\link-cvtres.read.1.tlog
C:\Users\Administrator\Documents\Visual Studio 2012\Projects\Tetris\Tetris\Release\link-cvtres.write.1.tlog
C:\Users\Administrator\Documents\Visual Studio 2012\Projects\Tetris\Tetris\Release\link-rc.read.1.tlog
C:\Users\Administrator\Documents\Visual Studio 2012\Projects\Tetris\Tetris\Release\link-rc.write.1.tlog
C:\Users\Administrator\Documents\Visual Studio 2012\Projects\Tetris\Tetris\Release\link.command.1.tlog
C:\Users\Administrator\Documents\Visual Studio 2012\Projects\Tetris\Tetris\Release\link.read.1.tlog
C:\Users\Administrator\Documents\Visual Studio 2012\Projects\Tetris\Tetris\Release\link.write.1.tlog
C:\Users\Administrator\Documents\Visual Studio 2012\Projects\Tetris\Tetris\Release\rc.command.1.tlog
C:\Users\Administrator\Documents\Visual Studio 2012\Projects\Tetris\Tetris\Release\rc.read.1.tlog
C:\Users\Administrator\Documents\Visual Studio 2012\Projects\Tetris\Tetris\Release\rc.write.1.tlog
C:\Users\Administrator\Documents\Visual Studio 2012\Projects\Tetris\Tetris\Release\Tetris1.res
C:\Users\Administrator\Documents\Visual Studio 2012\Projects\Tetris\Tetris\Release\vc110.pdb
C:\Users\Administrator\Documents\Visual Studio 2012\Projects\Tetris\Release\Tetris.pdb
C:\Users\Administrator\Documents\Visual Studio 2012\Projects\Tetris\Release\Tetris.exe
