生成启动时间为 2016/10/25 19:17:00。
     1>项目“C:\Users\Administrator\Documents\Visual Studio 2012\Projects\Tetris\Tetris\Tetris.vcxproj”在节点 2 上(Build 个目标)。
     1>ClCompile:
         D:\Program Files (x86)\Microsoft Visual Studio 11.0\VC\bin\CL.exe /c /Zi /nologo /W3 /WX- /O2 /Oi /Oy- /GL /D WIN32 /D NDEBUG /D _WINDOWS /D _MBCS /Gm- /EHsc /MD /GS /Gy /fp:precise /Zc:wchar_t /Zc:forScope /Fo"Release\\" /Fd"Release\vc110.pdb" /Gd /TP /analyze- /errorReport:prompt function.cpp main.cpp
         function.cpp
     1>function.cpp(391): warning C4996: 'itoa': The POSIX name for this item is deprecated. Instead, use the ISO C++ conformant name: _itoa. See online help for details.
                 D:\Program Files (x86)\Microsoft Visual Studio 11.0\VC\include\stdlib.h(909) : 参见“itoa”的声明
     1>function.cpp(465): warning C4996: 'itoa': The POSIX name for this item is deprecated. Instead, use the ISO C++ conformant name: _itoa. See online help for details.
                 D:\Program Files (x86)\Microsoft Visual Studio 11.0\VC\include\stdlib.h(909) : 参见“itoa”的声明
         main.cpp
       Link:
         D:\Program Files (x86)\Microsoft Visual Studio 11.0\VC\bin\link.exe /ERRORREPORT:PROMPT /OUT:"C:\Users\Administrator\Documents\Visual Studio 2012\Projects\Tetris\Release\Tetris.exe" /INCREMENTAL:NO /NOLOGO kernel32.lib user32.lib gdi32.lib winspool.lib comdlg32.lib advapi32.lib shell32.lib ole32.lib oleaut32.lib uuid.lib odbc32.lib odbccp32.lib /MANIFEST /MANIFESTUAC:"level='asInvoker' uiAccess='false'" /manifest:embed /DEBUG /PDB:"C:\Users\Administrator\Documents\Visual Studio 2012\Projects\Tetris\Release\Tetris.pdb" /SUBSYSTEM:WINDOWS /OPT:REF /OPT:ICF /LTCG /TLBID:1 /DYNAMICBASE /NXCOMPAT /IMPLIB:"C:\Users\Administrator\Documents\Visual Studio 2012\Projects\Tetris\Release\Tetris.lib" /MACHINE:X86 /SAFESEH Release\Tetris1.res
         Release\function.obj
         Release\main.obj
         正在生成代码
         已完成代码的生成
         Tetris.vcxproj -> C:\Users\Administrator\Documents\Visual Studio 2012\Projects\Tetris\Release\Tetris.exe
     1>已完成生成项目“C:\Users\Administrator\Documents\Visual Studio 2012\Projects\Tetris\Tetris\Tetris.vcxproj”(Build 个目标)的操作。

生成成功。

已用时间 00:00:05.29
